#
# A fatal error has been detected by the Java Runtime Environment:
#
#  EXCEPTION_ACCESS_VIOLATION (0xc0000005) at pc=0x00007ffccabd50f6, pid=6116, tid=4168
#
# JRE version: OpenJDK Runtime Environment (18.0.2.1+1) (build 18.0.2.1+1-1)
# Java VM: OpenJDK 64-Bit Server VM (18.0.2.1+1-1, mixed mode, emulated-client, sharing, tiered, compressed oops, compressed class ptrs, g1 gc, windows-amd64)
# Problematic frame:
# V  [jvm.dll+0x1c50f6]
#
# No core dump will be written. Minidumps are not enabled by default on client versions of Windows
#
# If you would like to submit a bug report, please visit:
#   https://bugreport.java.com/bugreport/crash.jsp
#

---------------  S U M M A R Y ------------

Command Line: -XX:+ShowCodeDetailsInExceptionMessages -agentlib:jdwp=transport=dt_socket,suspend=y,address=localhost:51185 -Dcom.sun.management.jmxremote -Dcom.sun.management.jmxremote.port=51184 -Dcom.sun.management.jmxremote.authenticate=false -Dcom.sun.management.jmxremote.ssl=false -Djava.rmi.server.hostname=localhost -Dspring.jmx.enabled=true -Dspring.application.admin.enabled=true -XX:TieredStopAtLevel=1 -Dspring.boot.project.name=spring-01 -javaagent:C:\Aplicaciones IMplentacion web\spring\configuration\org.eclipse.osgi\268\0\.cp\lib\javaagent-shaded.jar -Dfile.encoding=UTF-8 com.certus.spring.Spring01Application --spring.output.ansi.enabled=always

Host: Intel(R) Core(TM) i3-2120 CPU @ 3.30GHz, 4 cores, 7G,  Windows 10 , 64 bit Build 19041 (10.0.19041.1202)
Time: Fri Oct 28 21:09:13 2022 Hora est. Pacífico, Sudamérica elapsed time: 3389.667268 seconds (0d 0h 56m 29s)

---------------  T H R E A D  ---------------

Current thread (0x0000010f1bc7d250):  WorkerThread "GC Thread#1" [stack: 0x0000000101c00000,0x0000000101d00000] [id=4168]

Stack: [0x0000000101c00000,0x0000000101d00000],  sp=0x0000000101cfe0a8,  free space=1016k
Native frames: (J=compiled Java code, j=interpreted, Vv=VM code, C=native code)
V  [jvm.dll+0x1c50f6]

JavaThread 0x0000010f1cc85ef0 (nid = 6140) was being processed
Java frames: (J=compiled Java code, j=interpreted, Vv=VM code)
j  java.lang.invoke.LambdaForm$DMH+0x0000000800d84000.invokeVirtual(Ljava/lang/Object;Ljava/lang/Object;Ljava/lang/Object;)Ljava/lang/Object;+11 java.base@18.0.2.1
j  java.lang.invoke.LambdaForm$MH+0x0000000800c0c400.invoke(Ljava/lang/Object;Ljava/lang/Object;Ljava/lang/Object;)Ljava/lang/Object;+52 java.base@18.0.2.1
J 2560 c1 java.lang.reflect.Method.invoke(Ljava/lang/Object;[Ljava/lang/Object;)Ljava/lang/Object; java.base@18.0.2.1 (108 bytes) @ 0x0000010f0de5a68c [0x0000010f0de59d20+0x000000000000096c]
j  org.springframework.web.method.support.InvocableHandlerMethod.doInvoke([Ljava/lang/Object;)Ljava/lang/Object;+28
j  org.springframework.web.method.support.InvocableHandlerMethod.invokeForRequest(Lorg/springframework/web/context/request/NativeWebRequest;Lorg/springframework/web/method/support/ModelAndViewContainer;[Ljava/lang/Object;)Ljava/lang/Object;+54
j  org.springframework.web.servlet.mvc.method.annotation.ServletInvocableHandlerMethod.invokeAndHandle(Lorg/springframework/web/context/request/ServletWebRequest;Lorg/springframework/web/method/support/ModelAndViewContainer;[Ljava/lang/Object;)V+4
j  org.springframework.web.servlet.mvc.method.annotation.RequestMappingHandlerAdapter.invokeHandlerMethod(Ljavax/servlet/http/HttpServletRequest;Ljavax/servlet/http/HttpServletResponse;Lorg/springframework/web/method/HandlerMethod;)Lorg/springframework/web/servlet/ModelAndView;+244
j  org.springframework.web.servlet.mvc.method.annotation.RequestMappingHandlerAdapter.handleInternal(Ljavax/servlet/http/HttpServletRequest;Ljavax/servlet/http/HttpServletResponse;Lorg/springframework/web/method/HandlerMethod;)Lorg/springframework/web/servlet/ModelAndView;+81
j  org.springframework.web.servlet.mvc.method.AbstractHandlerMethodAdapter.handle(Ljavax/servlet/http/HttpServletRequest;Ljavax/servlet/http/HttpServletResponse;Ljava/lang/Object;)Lorg/springframework/web/servlet/ModelAndView;+7
j  org.springframework.web.servlet.DispatcherServlet.doDispatch(Ljavax/servlet/http/HttpServletRequest;Ljavax/servlet/http/HttpServletResponse;)V+259
j  org.springframework.web.servlet.DispatcherServlet.doService(Ljavax/servlet/http/HttpServletRequest;Ljavax/servlet/http/HttpServletResponse;)V+241
j  org.springframework.web.servlet.FrameworkServlet.processRequest(Ljavax/servlet/http/HttpServletRequest;Ljavax/servlet/http/HttpServletResponse;)V+71
j  org.springframework.web.servlet.FrameworkServlet.doGet(Ljavax/servlet/http/HttpServletRequest;Ljavax/servlet/http/HttpServletResponse;)V+3
j  javax.servlet.http.HttpServlet.service(Ljavax/servlet/http/HttpServletRequest;Ljavax/servlet/http/HttpServletResponse;)V+35
j  org.springframework.web.servlet.FrameworkServlet.service(Ljavax/servlet/http/HttpServletRequest;Ljavax/servlet/http/HttpServletResponse;)V+33
j  javax.servlet.http.HttpServlet.service(Ljavax/servlet/ServletRequest;Ljavax/servlet/ServletResponse;)V+36
j  org.apache.catalina.core.ApplicationFilterChain.internalDoFilter(Ljavax/servlet/ServletRequest;Ljavax/servlet/ServletResponse;)V+304
j  org.apache.catalina.core.ApplicationFilterChain.doFilter(Ljavax/servlet/ServletRequest;Ljavax/servlet/ServletResponse;)V+99
j  org.apache.tomcat.websocket.server.WsFilter.doFilter(Ljavax/servlet/ServletRequest;Ljavax/servlet/ServletResponse;Ljavax/servlet/FilterChain;)V+21
j  org.apache.catalina.core.ApplicationFilterChain.internalDoFilter(Ljavax/servlet/ServletRequest;Ljavax/servlet/ServletResponse;)V+135
j  org.apache.catalina.core.ApplicationFilterChain.doFilter(Ljavax/servlet/ServletRequest;Ljavax/servlet/ServletResponse;)V+99
j  org.springframework.web.filter.RequestContextFilter.doFilterInternal(Ljavax/servlet/http/HttpServletRequest;Ljavax/servlet/http/HttpServletResponse;Ljavax/servlet/FilterChain;)V+21
j  org.springframework.web.filter.OncePerRequestFilter.doFilter(Ljavax/servlet/ServletRequest;Ljavax/servlet/ServletResponse;Ljavax/servlet/FilterChain;)V+147
j  org.apache.catalina.core.ApplicationFilterChain.internalDoFilter(Ljavax/servlet/ServletRequest;Ljavax/servlet/ServletResponse;)V+135
j  org.apache.catalina.core.ApplicationFilterChain.doFilter(Ljavax/servlet/ServletRequest;Ljavax/servlet/ServletResponse;)V+99
j  org.springframework.web.filter.FormContentFilter.doFilterInternal(Ljavax/servlet/http/HttpServletRequest;Ljavax/servlet/http/HttpServletResponse;Ljavax/servlet/FilterChain;)V+38
j  org.springframework.web.filter.OncePerRequestFilter.doFilter(Ljavax/servlet/ServletRequest;Ljavax/servlet/ServletResponse;Ljavax/servlet/FilterChain;)V+147
j  org.apache.catalina.core.ApplicationFilterChain.internalDoFilter(Ljavax/servlet/ServletRequest;Ljavax/servlet/ServletResponse;)V+135
j  org.apache.catalina.core.ApplicationFilterChain.doFilter(Ljavax/servlet/ServletRequest;Ljavax/servlet/ServletResponse;)V+99
j  org.springframework.web.filter.CharacterEncodingFilter.doFilterInternal(Ljavax/servlet/http/HttpServletRequest;Ljavax/servlet/http/HttpServletResponse;Ljavax/servlet/FilterChain;)V+53
j  org.springframework.web.filter.OncePerRequestFilter.doFilter(Ljavax/servlet/ServletRequest;Ljavax/servlet/ServletResponse;Ljavax/servlet/FilterChain;)V+147
j  org.apache.catalina.core.ApplicationFilterChain.internalDoFilter(Ljavax/servlet/ServletRequest;Ljavax/servlet/ServletResponse;)V+135
j  org.apache.catalina.core.ApplicationFilterChain.doFilter(Ljavax/servlet/ServletRequest;Ljavax/servlet/ServletResponse;)V+99
j  org.apache.catalina.core.StandardWrapperValve.invoke(Lorg/apache/catalina/connector/Request;Lorg/apache/catalina/connector/Response;)V+694
j  org.apache.catalina.core.StandardContextValve.invoke(Lorg/apache/catalina/connector/Request;Lorg/apache/catalina/connector/Response;)V+169
j  org.apache.catalina.authenticator.AuthenticatorBase.invoke(Lorg/apache/catalina/connector/Request;Lorg/apache/catalina/connector/Response;)V+260
j  org.apache.catalina.core.StandardHostValve.invoke(Lorg/apache/catalina/connector/Request;Lorg/apache/catalina/connector/Response;)V+128
j  org.apache.catalina.valves.ErrorReportValve.invoke(Lorg/apache/catalina/connector/Request;Lorg/apache/catalina/connector/Response;)V+6
j  org.apache.catalina.core.StandardEngineValve.invoke(Lorg/apache/catalina/connector/Request;Lorg/apache/catalina/connector/Response;)V+59
j  org.apache.catalina.connector.CoyoteAdapter.service(Lorg/apache/coyote/Request;Lorg/apache/coyote/Response;)V+203
j  org.apache.coyote.http11.Http11Processor.service(Lorg/apache/tomcat/util/net/SocketWrapperBase;)Lorg/apache/tomcat/util/net/AbstractEndpoint$Handler$SocketState;+796
j  org.apache.coyote.AbstractProcessorLight.process(Lorg/apache/tomcat/util/net/SocketWrapperBase;Lorg/apache/tomcat/util/net/SocketEvent;)Lorg/apache/tomcat/util/net/AbstractEndpoint$Handler$SocketState;+170
j  org.apache.coyote.AbstractProtocol$ConnectionHandler.process(Lorg/apache/tomcat/util/net/SocketWrapperBase;Lorg/apache/tomcat/util/net/SocketEvent;)Lorg/apache/tomcat/util/net/AbstractEndpoint$Handler$SocketState;+489
j  org.apache.tomcat.util.net.NioEndpoint$SocketProcessor.doRun()V+249
j  org.apache.tomcat.util.net.SocketProcessorBase.run()V+21
j  org.apache.tomcat.util.threads.ThreadPoolExecutor.runWorker(Lorg/apache/tomcat/util/threads/ThreadPoolExecutor$Worker;)V+92
j  org.apache.tomcat.util.threads.ThreadPoolExecutor$Worker.run()V+5
J 7309 c1 org.apache.tomcat.util.threads.TaskThread$WrappingRunnable.run()V (25 bytes) @ 0x0000010f0e5ce50c [0x0000010f0e5ce4c0+0x000000000000004c]
J 6658 c1 java.lang.Thread.run()V java.base@18.0.2.1 (17 bytes) @ 0x0000010f0e4cfdf4 [0x0000010f0e4cfda0+0x0000000000000054]
v  ~StubRoutines::call_stub

siginfo: EXCEPTION_ACCESS_VIOLATION (0xc0000005), reading address 0x0000000817e442c3


Register to memory mapping:

RIP=0x00007ffccabd50f6 jvm.dll
RAX=0x00000001028fd258 is pointing into the stack for thread: 0x0000010f1cc85ef0
RBX=0x0000010f1cf34518 points into unknown readable memory: 0x0000010f1b79fe20 | 20 fe 79 1b 0f 01 00 00
RCX=0x00000001028fd258 is pointing into the stack for thread: 0x0000010f1cc85ef0
RDX=0x00000001028fd258 is pointing into the stack for thread: 0x0000010f1cc85ef0
RSP=0x0000000101cfe0a8 points into unknown readable memory: 0x00007ffccad39acd | cd 9a d3 ca fc 7f 00 00
RBP=0x0000000101cfe250 points into unknown readable memory: 0x000000080000d8c0 | c0 d8 00 00 08 00 00 00
RSI=0x0000010f1cf33ed0 points into unknown readable memory: 0x0000000100cff4c0 | c0 f4 cf 00 01 00 00 00
RDI=0x0000000000000792 is an unknown value
R8 =0x0000000817e442bb is an unknown value
R9 =0x0000010f17e44038 is pointing into metadata
R10=0x0 is NULL
R11=0x0000000101cfe2c8 points into unknown readable memory: 0x00007ffccacf6124 | 24 61 cf ca fc 7f 00 00
R12=0x0 is NULL
R13=0x0000010f1bc1ac00 points into unknown readable memory: 0x64c302b600000002 | 02 00 00 00 b6 02 c3 64
R14=0x0000000000000004 is an unknown value
R15=0x0000000000000004 is an unknown value


Registers:
RAX=0x00000001028fd258, RBX=0x0000010f1cf34518, RCX=0x00000001028fd258, RDX=0x00000001028fd258
RSP=0x0000000101cfe0a8, RBP=0x0000000101cfe250, RSI=0x0000010f1cf33ed0, RDI=0x0000000000000792
R8 =0x0000000817e442bb, R9 =0x0000010f17e44038, R10=0x0000000000000000, R11=0x0000000101cfe2c8
R12=0x0000000000000000, R13=0x0000010f1bc1ac00, R14=0x0000000000000004, R15=0x0000000000000004
RIP=0x00007ffccabd50f6, EFLAGS=0x0000000000010206

Top of Stack: (sp=0x0000000101cfe0a8)
0x0000000101cfe0a8:   00007ffccad39acd 00000000000000b9
0x0000000101cfe0b8:   00007ffccb121d14 00000000899b41e8
0x0000000101cfe0c8:   0000001fc3ec0521 00000001028fd258
0x0000000101cfe0d8:   00007ffccad1fb4c 0000010f1d072be0
0x0000000101cfe0e8:   00007ffccb121d14 0000000000000000
0x0000000101cfe0f8:   0000000101cfe410 00000001028fd258
0x0000000101cfe108:   00000001028fd258 0000010f1cf33ed0
0x0000000101cfe118:   00007ffccad1f922 00000001028fd258
0x0000000101cfe128:   0000000101cfe410 0000000800440068
0x0000000101cfe138:   0000000000000000 0000000000000002
0x0000000101cfe148:   00007ffccacf668b 0000010f1cf34480
0x0000000101cfe158:   00000008004f4cf0 0000010f1cf34480
0x0000000101cfe168:   0000000101cfe410 0000000000000001
0x0000000101cfe178:   0000010f17e442c8 0000010f1bc7d250
0x0000000101cfe188:   0000010f0000000b 0000010f1722bb60
0x0000000101cfe198:   00000008004f4cf0 00000000000003d8 

Instructions: (pc=0x00007ffccabd50f6)
0x00007ffccabd4ff6:   86 d8 02 00 00 48 8b 5c 24 40 48 8b 74 24 48 48
0x00007ffccabd5006:   83 c4 30 5f c3 48 8b 07 48 8d 54 24 20 48 8b cf
0x00007ffccabd5016:   66 0f 7f 44 24 20 ff 50 38 48 8b 5c 24 40 48 8b
0x00007ffccabd5026:   74 24 48 48 83 c4 30 5f c3 cc 48 89 5c 24 08 57
0x00007ffccabd5036:   48 83 ec 30 48 8b 02 48 8b f9 48 8b ca 48 8b da
0x00007ffccabd5046:   ff 50 38 84 c0 74 48 0f 10 83 d8 02 00 00 66 0f
0x00007ffccabd5056:   73 d8 08 66 48 0f 7e c0 48 85 c0 74 32 0f 10 83
0x00007ffccabd5066:   d8 02 00 00 48 8b 07 48 8d 54 24 20 48 8b cf 0f
0x00007ffccabd5076:   29 44 24 20 ff 50 40 33 c0 48 89 44 24 20 48 89
0x00007ffccabd5086:   44 24 28 0f 10 44 24 20 0f 11 83 d8 02 00 00 48
0x00007ffccabd5096:   8b 5c 24 40 48 83 c4 30 5f c3 48 8b 49 40 48 8b
0x00007ffccabd50a6:   01 48 ff 60 28 cc cc cc cc cc 80 3d 72 ea 96 00
0x00007ffccabd50b6:   00 48 8b c1 74 1b 8b 51 08 8b 0d eb a8 8f 00 48
0x00007ffccabd50c6:   d3 e2 48 8b c8 48 03 15 d6 a8 8f 00 e9 19 00 00
0x00007ffccabd50d6:   00 48 8b 51 08 48 8b c8 e9 0d 00 00 00 cc cc cc
0x00007ffccabd50e6:   cc cc cc cc cc cc cc cc cc cc 4c 8b c2 48 8b d1
0x00007ffccabd50f6:   45 8b 48 08 45 85 c9 7e 0e 41 f6 c1 01 75 56 41
0x00007ffccabd5106:   c1 f9 03 49 63 c1 c3 79 4c 80 3d 13 ea 96 00 00
0x00007ffccabd5116:   b8 0c 00 00 00 b9 10 00 00 00 0f 45 c8 8b 05 8b
0x00007ffccabd5126:   ce 8f 00 ff c8 4c 63 c0 41 8b c1 48 c1 f8 10 48
0x00007ffccabd5136:   63 14 11 41 8b c9 83 e1 3f 0f b6 c0 48 d3 e2 49
0x00007ffccabd5146:   8d 0c 10 49 f7 d0 48 03 c1 49 c1 e8 03 48 c1 e8
0x00007ffccabd5156:   03 49 23 c0 c3 49 8b 00 49 8b c8 48 ff a0 00 01
0x00007ffccabd5166:   00 00 cc cc cc cc cc cc cc cc 48 8b c2 c3 cc cc
0x00007ffccabd5176:   cc cc cc cc cc cc cc cc cc cc 48 83 ec 38 0f 10
0x00007ffccabd5186:   02 48 8b 49 40 48 8d 54 24 20 0f 29 44 24 20 e8
0x00007ffccabd5196:   06 f2 ff ff 48 83 c4 38 c3 cc 48 83 ec 38 0f 10
0x00007ffccabd51a6:   02 48 8b 01 48 8d 54 24 20 0f 29 44 24 20 ff 50
0x00007ffccabd51b6:   38 48 83 c4 38 c3 cc cc cc cc 8b 05 02 fe 95 00
0x00007ffccabd51c6:   c3 cc cc cc cc cc cc cc cc cc 48 89 5c 24 08 55
0x00007ffccabd51d6:   56 57 41 54 41 55 41 56 41 57 48 8d 6c 24 e0 48
0x00007ffccabd51e6:   81 ec 20 01 00 00 48 8b 05 b5 3e 93 00 48 33 c4 


Stack slot to memory mapping:
stack at sp + 0 slots: 0x00007ffccad39acd jvm.dll
stack at sp + 1 slots: 0x00000000000000b9 is an unknown value
stack at sp + 2 slots: 0x00007ffccb121d14 jvm.dll
stack at sp + 3 slots: 0x00000000899b41e8 is an oop: java.util.concurrent.ThreadPoolExecutor$Worker 
{0x00000000899b41e8} - klass: 'java/util/concurrent/ThreadPoolExecutor$Worker'
 - ---- fields (total size 6 words):
 - private transient 'exclusiveOwnerThread' 'Ljava/lang/Thread;' @12  NULL (0)
 - private volatile 'state' 'I' @16  0
 - private volatile transient 'head' 'Ljava/util/concurrent/locks/AbstractQueuedSynchronizer$Node;' @20  NULL (0)
 - private volatile transient 'tail' 'Ljava/util/concurrent/locks/AbstractQueuedSynchronizer$Node;' @24  NULL (0)
 - final 'thread' 'Ljava/lang/Thread;' @28  a 'java/lang/Thread'{0x00000000899b3fe8} (899b3fe8)
 - volatile 'completedTasks' 'J' @32  58 (3a 0)
 - 'firstTask' 'Ljava/lang/Runnable;' @40  NULL (0)
 - final synthetic 'this$0' 'Ljava/util/concurrent/ThreadPoolExecutor;' @44  a 'java/util/concurrent/ThreadPoolExecutor'{0x000000008987c200} (8987c200)
stack at sp + 4 slots: 0x0000001fc3ec0521 is an unknown value
stack at sp + 5 slots: 0x00000001028fd258 is pointing into the stack for thread: 0x0000010f1cc85ef0
stack at sp + 6 slots: 0x00007ffccad1fb4c jvm.dll
stack at sp + 7 slots: 0x0000010f1d072be0 points into unknown readable memory: 0x00007ffccb38a418 | 18 a4 38 cb fc 7f 00 00


---------------  P R O C E S S  ---------------

Threads class SMR info:
_java_thread_list=0x0000010f1d1197b0, length=24, elements={
0x0000010f171cf720, 0x0000010f171d1520, 0x0000010f171e6620, 0x0000010f171e7030,
0x0000010f171ea900, 0x0000010f171f1160, 0x0000010f171fbdf0, 0x0000010f171fd6f0,
0x0000010f171f2970, 0x0000010f1b4d2740, 0x0000010f1b4d37e0, 0x0000010f1b4d3eb0,
0x0000010f171f24a0, 0x0000010f171f37e0, 0x0000010f171f2e40, 0x0000010f171f3310,
0x0000010f171f1b00, 0x0000010f171efe20, 0x0000010f171f02f0, 0x0000010f1cc82a00,
0x0000010f1cc82060, 0x0000010f1cc86890, 0x0000010f1cc85ef0, 0x0000010f1cc87700
}

Java Threads: ( => current thread )
  0x0000010f171cf720 JavaThread "Reference Handler" daemon [_thread_blocked, id=4348, stack(0x0000000100d00000,0x0000000100e00000)]
  0x0000010f171d1520 JavaThread "Finalizer" daemon [_thread_blocked, id=3504, stack(0x0000000100e00000,0x0000000100f00000)]
  0x0000010f171e6620 JavaThread "Signal Dispatcher" daemon [_thread_blocked, id=1520, stack(0x0000000100f00000,0x0000000101000000)]
  0x0000010f171e7030 JavaThread "Attach Listener" daemon [_thread_blocked, id=6792, stack(0x0000000101000000,0x0000000101100000)]
  0x0000010f171ea900 JavaThread "Service Thread" daemon [_thread_blocked, id=3456, stack(0x0000000101100000,0x0000000101200000)]
  0x0000010f171f1160 JavaThread "Monitor Deflation Thread" daemon [_thread_blocked, id=1888, stack(0x0000000101200000,0x0000000101300000)]
  0x0000010f171fbdf0 JavaThread "C1 CompilerThread0" daemon [_thread_blocked, id=6544, stack(0x0000000101300000,0x0000000101400000)]
  0x0000010f171fd6f0 JavaThread "Sweeper thread" daemon [_thread_blocked, id=1988, stack(0x0000000101400000,0x0000000101500000)]
  0x0000010f171f2970 JavaThread "Common-Cleaner" daemon [_thread_blocked, id=6820, stack(0x0000000101700000,0x0000000101800000)]
  0x0000010f1b4d2740 JavaThread "JDWP Transport Listener: dt_socket" daemon [_thread_blocked, id=2568, stack(0x0000000101800000,0x0000000101900000)]
  0x0000010f1b4d37e0 JavaThread "JDWP Event Helper Thread" daemon [_thread_blocked, id=5696, stack(0x0000000101900000,0x0000000101a00000)]
  0x0000010f1b4d3eb0 JavaThread "JDWP Command Reader" daemon [_thread_in_native, id=6376, stack(0x0000000101a00000,0x0000000101b00000)]
  0x0000010f171f24a0 JavaThread "Notification Thread" daemon [_thread_blocked, id=4068, stack(0x0000000101b00000,0x0000000101c00000)]
  0x0000010f171f37e0 JavaThread "RMI TCP Accept-0" daemon [_thread_in_native, id=2004, stack(0x0000000101f00000,0x0000000102000000)]
  0x0000010f171f2e40 JavaThread "RMI TCP Accept-51184" daemon [_thread_in_native, id=6672, stack(0x0000000102000000,0x0000000102100000)]
  0x0000010f171f3310 JavaThread "RMI Scheduler(0)" daemon [_thread_blocked, id=5820, stack(0x0000000102200000,0x0000000102300000)]
  0x0000010f171f1b00 JavaThread "RMI TCP Connection(idle)" daemon [_thread_blocked, id=3812, stack(0x0000000102300000,0x0000000102400000)]
  0x0000010f171efe20 JavaThread "JMX server connection timeout 23" daemon [_thread_blocked, id=7140, stack(0x0000000102400000,0x0000000102500000)]
  0x0000010f171f02f0 JavaThread "RMI TCP Accept-0" daemon [_thread_in_native, id=5452, stack(0x0000000102500000,0x0000000102600000)]
  0x0000010f1cc82a00 JavaThread "Live Reload Server" daemon [_thread_in_native, id=5944, stack(0x0000000102e00000,0x0000000102f00000)]
  0x0000010f1cc82060 JavaThread "DestroyJavaVM" [_thread_blocked, id=4076, stack(0x0000000100600000,0x0000000100700000)]
  0x0000010f1cc86890 JavaThread "Catalina-utility-1" [_thread_blocked, id=6808, stack(0x0000000100500000,0x0000000100600000)]
  0x0000010f1cc85ef0 JavaThread "http-nio-8080-exec-1" daemon [_thread_blocked, id=6140, stack(0x0000000102800000,0x0000000102900000)]
  0x0000010f1cc87700 JavaThread "Thread-95" [_thread_blocked, id=6180, stack(0x0000000103500000,0x0000000103600000)]

Other Threads:
  0x0000010f05f20d80 VMThread "VM Thread" [stack: 0x0000000100c00000,0x0000000100d00000] [id=2740]
  0x0000010f1b4db900 WatcherThread "VM Periodic Task Thread" [stack: 0x0000000102600000,0x0000000102700000] [id=5440]
  0x0000010f03dfea90 WorkerThread "GC Thread#0" [stack: 0x0000000100700000,0x0000000100800000] [id=1008]
=>0x0000010f1bc7d250 WorkerThread "GC Thread#1" [stack: 0x0000000101c00000,0x0000000101d00000] [id=4168]
  0x0000010f1bc77730 WorkerThread "GC Thread#2" [stack: 0x0000000101d00000,0x0000000101e00000] [id=3796]
  0x0000010f1bc8d900 WorkerThread "GC Thread#3" [stack: 0x0000000101e00000,0x0000000101f00000] [id=5136]
  0x0000010f05f14c90 ConcurrentGCThread "G1 Main Marker" [stack: 0x0000000100800000,0x0000000100900000] [id=6904]
  0x0000010f05f15590 WorkerThread "G1 Conc#0" [stack: 0x0000000100900000,0x0000000100a00000] [id=1900]
  0x0000010f05f54460 ConcurrentGCThread "G1 Refine#0" [stack: 0x0000000100a00000,0x0000000100b00000] [id=5700]
  0x0000010f05f54c80 ConcurrentGCThread "G1 Service" [stack: 0x0000000100b00000,0x0000000100c00000] [id=4836]

Threads with active compile tasks:

VM state: at safepoint (normal execution)

VM Mutex/Monitor currently owned by a thread:  ([mutex/lock_event])
[0x0000010f05e9a3f0] Threads_lock - owner thread: 0x0000010f05f20d80
[0x0000010f05e99c10] Heap_lock - owner thread: 0x0000010f1cc87700

Heap address: 0x0000000089600000, size: 1898 MB, Compressed Oops mode: 32-bit

CDS archive(s) mapped at: [0x0000000800000000-0x0000000800ba0000-0x0000000800ba0000), size 12189696, SharedBaseAddress: 0x0000000800000000, ArchiveRelocationMode: 0.
Compressed class space mapped at: 0x0000000800c00000-0x0000000840c00000, reserved size: 1073741824
Narrow klass base: 0x0000000800000000, Narrow klass shift: 0, Narrow klass range: 0x100000000

GC Precious Log:
 CardTable entry size: 512
 Card Set container configuration: InlinePtr #cards 5 size 8 Array Of Cards #cards 12 size 40 Howl #buckets 4 coarsen threshold 1843 Howl Bitmap #cards 512 size 80 coarsen threshold 460 Card regions per heap region 1 cards per card region 2048
 CPUs: 4 total, 4 available
 Memory: 7590M
 Large Page Support: Disabled
 NUMA Support: Disabled
 Compressed Oops: Enabled (32-bit)
 Heap Region Size: 1M
 Heap Min Capacity: 8M
 Heap Initial Capacity: 120M
 Heap Max Capacity: 1898M
 Pre-touch: Disabled
 Parallel Workers: 4
 Concurrent Workers: 1
 Concurrent Refinement Workers: 4
 Periodic GC: Disabled

Heap:
 garbage-first heap   total 45056K, used 22927K [0x0000000089600000, 0x0000000100000000)
  region size 1024K, 10 young (10240K), 2 survivors (2048K)
 Metaspace       used 33830K, committed 34432K, reserved 1114112K
  class space    used 4370K, committed 4608K, reserved 1048576K

Heap Regions: E=young(eden), S=young(survivor), O=old, HS=humongous(starts), HC=humongous(continues), CS=collection set, F=free, OA=open archive, CA=closed archive, TAMS=top-at-mark-start (previous, next)
|   0|0x0000000089600000, 0x00000000896fffd8, 0x0000000089700000| 99%| O|  |TAMS 0x00000000896fffd8, 0x0000000089600000| Untracked 
|   1|0x0000000089700000, 0x0000000089800000, 0x0000000089800000|100%| O|  |TAMS 0x0000000089800000, 0x0000000089700000| Untracked 
|   2|0x0000000089800000, 0x0000000089900000, 0x0000000089900000|100%| O|  |TAMS 0x0000000089900000, 0x0000000089800000| Untracked 
|   3|0x0000000089900000, 0x00000000899fffc0, 0x0000000089a00000| 99%| O|  |TAMS 0x00000000899fffc0, 0x0000000089900000| Untracked 
|   4|0x0000000089a00000, 0x0000000089afffc8, 0x0000000089b00000| 99%| O|  |TAMS 0x0000000089afffc8, 0x0000000089a00000| Untracked 
|   5|0x0000000089b00000, 0x0000000089bfffa0, 0x0000000089c00000| 99%| O|  |TAMS 0x0000000089bfffa0, 0x0000000089b00000| Untracked 
|   6|0x0000000089c00000, 0x0000000089cfffe8, 0x0000000089d00000| 99%| O|  |TAMS 0x0000000089cfffe8, 0x0000000089c00000| Untracked 
|   7|0x0000000089d00000, 0x0000000089dffff8, 0x0000000089e00000| 99%| O|  |TAMS 0x0000000089dffff8, 0x0000000089d00000| Untracked 
|   8|0x0000000089e00000, 0x0000000089effff8, 0x0000000089f00000| 99%| O|  |TAMS 0x0000000089effff8, 0x0000000089e00000| Untracked 
|   9|0x0000000089f00000, 0x0000000089fffff0, 0x000000008a000000| 99%| O|  |TAMS 0x0000000089fffff0, 0x0000000089f00000| Untracked 
|  10|0x000000008a000000, 0x000000008a0fffc0, 0x000000008a100000| 99%| O|  |TAMS 0x000000008a000000, 0x000000008a000000| Untracked 
|  11|0x000000008a100000, 0x000000008a200000, 0x000000008a200000|100%| O|  |TAMS 0x000000008a100000, 0x000000008a100000| Untracked 
|  12|0x000000008a200000, 0x000000008a2ddc28, 0x000000008a300000| 86%| O|  |TAMS 0x000000008a200000, 0x000000008a200000| Untracked 
|  13|0x000000008a300000, 0x000000008a36b1e8, 0x000000008a400000| 41%| O|  |TAMS 0x000000008a300000, 0x000000008a300000| Untracked 
|  14|0x000000008a400000, 0x000000008a400000, 0x000000008a500000|  0%| F|  |TAMS 0x000000008a400000, 0x000000008a400000| Untracked 
|  15|0x000000008a500000, 0x000000008a500000, 0x000000008a600000|  0%| F|  |TAMS 0x000000008a500000, 0x000000008a500000| Untracked 
|  16|0x000000008a600000, 0x000000008a600000, 0x000000008a700000|  0%| F|  |TAMS 0x000000008a600000, 0x000000008a600000| Untracked 
|  17|0x000000008a700000, 0x000000008a700000, 0x000000008a800000|  0%| F|  |TAMS 0x000000008a700000, 0x000000008a700000| Untracked 
|  18|0x000000008a800000, 0x000000008a800000, 0x000000008a900000|  0%| F|  |TAMS 0x000000008a800000, 0x000000008a800000| Untracked 
|  19|0x000000008a900000, 0x000000008a900000, 0x000000008aa00000|  0%| F|  |TAMS 0x000000008a900000, 0x000000008a900000| Untracked 
|  20|0x000000008aa00000, 0x000000008aa00000, 0x000000008ab00000|  0%| F|  |TAMS 0x000000008aa00000, 0x000000008aa00000| Untracked 
|  21|0x000000008ab00000, 0x000000008ab00000, 0x000000008ac00000|  0%| F|  |TAMS 0x000000008ab00000, 0x000000008ab00000| Untracked 
|  22|0x000000008ac00000, 0x000000008acd0c50, 0x000000008ad00000| 81%| S|  |TAMS 0x000000008ac00000, 0x000000008ac00000| Complete 
|  23|0x000000008ad00000, 0x000000008ae00000, 0x000000008ae00000|100%| S|  |TAMS 0x000000008ad00000, 0x000000008ad00000| Complete 
|  24|0x000000008ae00000, 0x000000008ae00000, 0x000000008af00000|  0%| F|  |TAMS 0x000000008ae00000, 0x000000008ae00000| Untracked 
|  25|0x000000008af00000, 0x000000008af0e110, 0x000000008b000000|  5%| O|  |TAMS 0x000000008af00000, 0x000000008af00000| Untracked 
|  26|0x000000008b000000, 0x000000008b000000, 0x000000008b100000|  0%| F|  |TAMS 0x000000008b000000, 0x000000008b000000| Untracked 
|  27|0x000000008b100000, 0x000000008b100000, 0x000000008b200000|  0%| F|  |TAMS 0x000000008b100000, 0x000000008b100000| Untracked 
|  28|0x000000008b200000, 0x000000008b200000, 0x000000008b300000|  0%| F|  |TAMS 0x000000008b200000, 0x000000008b200000| Untracked 
|  29|0x000000008b300000, 0x000000008b300000, 0x000000008b400000|  0%| F|  |TAMS 0x000000008b300000, 0x000000008b300000| Untracked 
|  30|0x000000008b400000, 0x000000008b400000, 0x000000008b500000|  0%| F|  |TAMS 0x000000008b400000, 0x000000008b400000| Untracked 
|  31|0x000000008b500000, 0x000000008b500000, 0x000000008b600000|  0%| F|  |TAMS 0x000000008b500000, 0x000000008b500000| Untracked 
|  32|0x000000008b600000, 0x000000008b600000, 0x000000008b700000|  0%| F|  |TAMS 0x000000008b600000, 0x000000008b600000| Untracked 
|  33|0x000000008b700000, 0x000000008b700000, 0x000000008b800000|  0%| F|  |TAMS 0x000000008b700000, 0x000000008b700000| Untracked 
|  34|0x000000008b800000, 0x000000008b800000, 0x000000008b900000|  0%| F|  |TAMS 0x000000008b800000, 0x000000008b800000| Untracked 
|  35|0x000000008b900000, 0x000000008b900000, 0x000000008ba00000|  0%| F|  |TAMS 0x000000008b900000, 0x000000008b900000| Untracked 
|  36|0x000000008ba00000, 0x000000008ba3c2c0, 0x000000008bb00000| 23%| E|  |TAMS 0x000000008ba00000, 0x000000008ba00000| Complete 
|  37|0x000000008bb00000, 0x000000008bc00000, 0x000000008bc00000|100%| E|  |TAMS 0x000000008bb00000, 0x000000008bb00000| Complete 
|  38|0x000000008bc00000, 0x000000008bd00000, 0x000000008bd00000|100%| E|  |TAMS 0x000000008bc00000, 0x000000008bc00000| Complete 
|  39|0x000000008bd00000, 0x000000008be00000, 0x000000008be00000|100%| E|  |TAMS 0x000000008bd00000, 0x000000008bd00000| Complete 
|  40|0x000000008be00000, 0x000000008bf00000, 0x000000008bf00000|100%| E|  |TAMS 0x000000008be00000, 0x000000008be00000| Complete 
|  41|0x000000008bf00000, 0x000000008c000000, 0x000000008c000000|100%| E|  |TAMS 0x000000008bf00000, 0x000000008bf00000| Complete 
|  42|0x000000008c000000, 0x000000008c100000, 0x000000008c100000|100%| E|  |TAMS 0x000000008c000000, 0x000000008c000000| Complete 
|  43|0x000000008c100000, 0x000000008c200000, 0x000000008c200000|100%| E|  |TAMS 0x000000008c100000, 0x000000008c100000| Complete 

Card table byte_map: [0x0000010f10ba0000,0x0000010f10f60000] _byte_map_base: 0x0000010f10755000

Marking Bits (Prev, Next): (CMBitMap*) 0x0000010f05f03e70, (CMBitMap*) 0x0000010f05f03eb0
 Prev Bits: [0x0000010f11320000, 0x0000010f130c8000)
 Next Bits: [0x0000010f130d0000, 0x0000010f14e78000)

Polling page: 0x0000010f03cf0000

Metaspace:

Usage:
  Non-class:     28.77 MB used.
      Class:      4.27 MB used.
       Both:     33.04 MB used.

Virtual space:
  Non-class space:       64.00 MB reserved,      29.12 MB ( 46%) committed,  1 nodes.
      Class space:        1.00 GB reserved,       4.50 MB ( <1%) committed,  1 nodes.
             Both:        1.06 GB reserved,      33.62 MB (  3%) committed. 

Chunk freelists:
   Non-Class:  2.76 MB
       Class:  3.57 MB
        Both:  6.33 MB

MaxMetaspaceSize: unlimited
CompressedClassSpaceSize: 1.00 GB
Initial GC threshold: 21.00 MB
Current GC threshold: 55.88 MB
CDS: on
MetaspaceReclaimPolicy: balanced
 - commit_granule_bytes: 65536.
 - commit_granule_words: 8192.
 - virtual_space_node_default_size: 8388608.
 - enlarge_chunks_in_place: 1.
 - new_chunks_are_fully_committed: 0.
 - uncommit_free_chunks: 1.
 - use_allocation_guard: 0.


Internal statistics:

num_allocs_failed_limit: 3.
num_arena_births: 1088.
num_arena_deaths: 650.
num_vsnodes_births: 2.
num_vsnodes_deaths: 0.
num_space_committed: 538.
num_space_uncommitted: 0.
num_chunks_returned_to_freelist: 832.
num_chunks_taken_from_freelist: 2424.
num_chunk_merges: 136.
num_chunk_splits: 1352.
num_chunks_enlarged: 979.
num_inconsistent_stats: 0.

CodeCache: size=49152Kb used=14560Kb max_used=14713Kb free=34591Kb
 bounds [0x0000010f0d7e0000, 0x0000010f0e640000, 0x0000010f107e0000]
 total_blobs=7968 nmethods=7422 adapters=471
 compilation: enabled
              stopped_count=0, restarted_count=0
 full_count=0

Compilation events (20 events):
Event: 3337.799 Thread 0x0000010f171fbdf0 7414       1       org.apache.tomcat.util.buf.AbstractChunk::isNull (22 bytes)
Event: 3337.800 Thread 0x0000010f171fbdf0 nmethod 7414 0x0000010f0e5a2e90 code [0x0000010f0e5a3020, 0x0000010f0e5a3138]
Event: 3337.801 Thread 0x0000010f171fbdf0 7415       1       java.nio.charset.CharsetDecoder::charset (5 bytes)
Event: 3337.801 Thread 0x0000010f171fbdf0 nmethod 7415 0x0000010f0e5a2b90 code [0x0000010f0e5a2d20, 0x0000010f0e5a2df8]
Event: 3382.166 Thread 0x0000010f171fbdf0 7416       1       org.springframework.boot.devtools.filewatch.DirectorySnapshot::acceptChangedFile (23 bytes)
Event: 3382.166 Thread 0x0000010f171fbdf0 nmethod 7416 0x0000010f0e5a2810 code [0x0000010f0e5a29a0, 0x0000010f0e5a2ac8]
Event: 3382.186 Thread 0x0000010f171fbdf0 7417       1       ch.qos.logback.classic.pattern.TargetLengthBasedClassNameAbbreviator::computeDotIndexes (38 bytes)
Event: 3382.186 Thread 0x0000010f171fbdf0 nmethod 7417 0x0000010f0e5a2310 code [0x0000010f0e5a24c0, 0x0000010f0e5a2678]
Event: 3382.186 Thread 0x0000010f171fbdf0 7418       1       ch.qos.logback.classic.pattern.TargetLengthBasedClassNameAbbreviator::computeLengthArray (132 bytes)
Event: 3382.186 Thread 0x0000010f171fbdf0 nmethod 7418 0x0000010f0e5a1c10 code [0x0000010f0e5a1dc0, 0x0000010f0e5a2018]
Event: 3384.486 Thread 0x0000010f171fbdf0 7419       1       java.text.MessageFormat::applyPattern (422 bytes)
Event: 3384.489 Thread 0x0000010f171fbdf0 nmethod 7419 0x0000010f0e59fa10 code [0x0000010f0e59fce0, 0x0000010f0e5a1128]
Event: 3384.489 Thread 0x0000010f171fbdf0 7421   !   1       org.apache.tomcat.util.threads.ThreadPoolExecutor::tryTerminate (163 bytes)
Event: 3384.491 Thread 0x0000010f171fbdf0 nmethod 7421 0x0000010f0e59e690 code [0x0000010f0e59e960, 0x0000010f0e59f1e8]
Event: 3384.491 Thread 0x0000010f171fbdf0 7420   !   1       java.util.concurrent.CopyOnWriteArrayList::remove (175 bytes)
Event: 3384.492 Thread 0x0000010f171fbdf0 nmethod 7420 0x0000010f0e59d910 code [0x0000010f0e59db00, 0x0000010f0e59e298]
Event: 3389.498 Thread 0x0000010f171fbdf0 7422       1       java.lang.Throwable::getStackTrace (11 bytes)
Event: 3389.498 Thread 0x0000010f171fbdf0 nmethod 7422 0x0000010f0e59d510 code [0x0000010f0e59d6c0, 0x0000010f0e59d818]
Event: 3389.499 Thread 0x0000010f171fbdf0 7423       1       java.util.logging.LogManager$RootLogger::accessCheckedHandlers (12 bytes)
Event: 3389.500 Thread 0x0000010f171fbdf0 nmethod 7423 0x0000010f0e59d090 code [0x0000010f0e59d240, 0x0000010f0e59d3b8]

GC Heap History (20 events):
Event: 2921.873 GC heap after
{Heap after GC invocations=53 (full 19):
 garbage-first heap   total 45056K, used 13630K [0x0000000089600000, 0x0000000100000000)
  region size 1024K, 0 young (0K), 0 survivors (0K)
 Metaspace       used 33766K, committed 34432K, reserved 1114112K
  class space    used 4357K, committed 4608K, reserved 1048576K
}
Event: 2922.275 GC heap before
{Heap before GC invocations=53 (full 19):
 garbage-first heap   total 45056K, used 32062K [0x0000000089600000, 0x0000000100000000)
  region size 1024K, 19 young (19456K), 0 survivors (0K)
 Metaspace       used 33787K, committed 34432K, reserved 1114112K
  class space    used 4362K, committed 4608K, reserved 1048576K
}
Event: 2922.278 GC heap after
{Heap after GC invocations=54 (full 19):
 garbage-first heap   total 45056K, used 15423K [0x0000000089600000, 0x0000000100000000)
  region size 1024K, 2 young (2048K), 2 survivors (2048K)
 Metaspace       used 33787K, committed 34432K, reserved 1114112K
  class space    used 4362K, committed 4608K, reserved 1048576K
}
Event: 2927.940 GC heap before
{Heap before GC invocations=54 (full 19):
 garbage-first heap   total 45056K, used 21567K [0x0000000089600000, 0x0000000100000000)
  region size 1024K, 9 young (9216K), 2 survivors (2048K)
 Metaspace       used 33793K, committed 34432K, reserved 1114112K
  class space    used 4364K, committed 4608K, reserved 1048576K
}
Event: 2927.979 GC heap after
{Heap after GC invocations=55 (full 20):
 garbage-first heap   total 45056K, used 13621K [0x0000000089600000, 0x0000000100000000)
  region size 1024K, 0 young (0K), 0 survivors (0K)
 Metaspace       used 33764K, committed 34432K, reserved 1114112K
  class space    used 4358K, committed 4608K, reserved 1048576K
}
Event: 2928.426 GC heap before
{Heap before GC invocations=55 (full 20):
 garbage-first heap   total 45056K, used 32053K [0x0000000089600000, 0x0000000100000000)
  region size 1024K, 18 young (18432K), 0 survivors (0K)
 Metaspace       used 33776K, committed 34432K, reserved 1114112K
  class space    used 4360K, committed 4608K, reserved 1048576K
}
Event: 2928.429 GC heap after
{Heap after GC invocations=56 (full 20):
 garbage-first heap   total 45056K, used 15318K [0x0000000089600000, 0x0000000100000000)
  region size 1024K, 2 young (2048K), 2 survivors (2048K)
 Metaspace       used 33776K, committed 34432K, reserved 1114112K
  class space    used 4360K, committed 4608K, reserved 1048576K
}
Event: 2949.569 GC heap before
{Heap before GC invocations=56 (full 20):
 garbage-first heap   total 45056K, used 22486K [0x0000000089600000, 0x0000000100000000)
  region size 1024K, 10 young (10240K), 2 survivors (2048K)
 Metaspace       used 33800K, committed 34432K, reserved 1114112K
  class space    used 4364K, committed 4608K, reserved 1048576K
}
Event: 2949.608 GC heap after
{Heap after GC invocations=57 (full 21):
 garbage-first heap   total 45056K, used 13674K [0x0000000089600000, 0x0000000100000000)
  region size 1024K, 0 young (0K), 0 survivors (0K)
 Metaspace       used 33797K, committed 34432K, reserved 1114112K
  class space    used 4363K, committed 4608K, reserved 1048576K
}
Event: 2950.038 GC heap before
{Heap before GC invocations=57 (full 21):
 garbage-first heap   total 45056K, used 33130K [0x0000000089600000, 0x0000000100000000)
  region size 1024K, 19 young (19456K), 0 survivors (0K)
 Metaspace       used 33816K, committed 34432K, reserved 1114112K
  class space    used 4367K, committed 4608K, reserved 1048576K
}
Event: 2950.041 GC heap after
{Heap after GC invocations=58 (full 21):
 garbage-first heap   total 45056K, used 15506K [0x0000000089600000, 0x0000000100000000)
  region size 1024K, 2 young (2048K), 2 survivors (2048K)
 Metaspace       used 33816K, committed 34432K, reserved 1114112K
  class space    used 4367K, committed 4608K, reserved 1048576K
}
Event: 3040.037 GC heap before
{Heap before GC invocations=58 (full 21):
 garbage-first heap   total 45056K, used 22674K [0x0000000089600000, 0x0000000100000000)
  region size 1024K, 10 young (10240K), 2 survivors (2048K)
 Metaspace       used 33844K, committed 34432K, reserved 1114112K
  class space    used 4371K, committed 4608K, reserved 1048576K
}
Event: 3040.076 GC heap after
{Heap after GC invocations=59 (full 22):
 garbage-first heap   total 45056K, used 13704K [0x0000000089600000, 0x0000000100000000)
  region size 1024K, 0 young (0K), 0 survivors (0K)
 Metaspace       used 33841K, committed 34432K, reserved 1114112K
  class space    used 4370K, committed 4608K, reserved 1048576K
}
Event: 3040.492 GC heap before
{Heap before GC invocations=59 (full 22):
 garbage-first heap   total 45056K, used 33160K [0x0000000089600000, 0x0000000100000000)
  region size 1024K, 19 young (19456K), 0 survivors (0K)
 Metaspace       used 33856K, committed 34432K, reserved 1114112K
  class space    used 4373K, committed 4608K, reserved 1048576K
}
Event: 3040.495 GC heap after
{Heap after GC invocations=60 (full 22):
 garbage-first heap   total 45056K, used 15557K [0x0000000089600000, 0x0000000100000000)
  region size 1024K, 2 young (2048K), 2 survivors (2048K)
 Metaspace       used 33856K, committed 34432K, reserved 1114112K
  class space    used 4373K, committed 4608K, reserved 1048576K
}
Event: 3333.734 GC heap before
{Heap before GC invocations=60 (full 22):
 garbage-first heap   total 45056K, used 26821K [0x0000000089600000, 0x0000000100000000)
  region size 1024K, 14 young (14336K), 2 survivors (2048K)
 Metaspace       used 33866K, committed 34432K, reserved 1114112K
  class space    used 4375K, committed 4608K, reserved 1048576K
}
Event: 3333.773 GC heap after
{Heap after GC invocations=61 (full 23):
 garbage-first heap   total 45056K, used 13659K [0x0000000089600000, 0x0000000100000000)
  region size 1024K, 0 young (0K), 0 survivors (0K)
 Metaspace       used 33803K, committed 34432K, reserved 1114112K
  class space    used 4365K, committed 4608K, reserved 1048576K
}
Event: 3334.243 GC heap before
{Heap before GC invocations=61 (full 23):
 garbage-first heap   total 45056K, used 32091K [0x0000000089600000, 0x0000000100000000)
  region size 1024K, 19 young (19456K), 0 survivors (0K)
 Metaspace       used 33816K, committed 34432K, reserved 1114112K
  class space    used 4368K, committed 4608K, reserved 1048576K
}
Event: 3334.246 GC heap after
{Heap after GC invocations=62 (full 23):
 garbage-first heap   total 45056K, used 15518K [0x0000000089600000, 0x0000000100000000)
  region size 1024K, 2 young (2048K), 2 survivors (2048K)
 Metaspace       used 33816K, committed 34432K, reserved 1114112K
  class space    used 4368K, committed 4608K, reserved 1048576K
}
Event: 3389.500 GC heap before
{Heap before GC invocations=62 (full 23):
 garbage-first heap   total 45056K, used 22686K [0x0000000089600000, 0x0000000100000000)
  region size 1024K, 10 young (10240K), 2 survivors (2048K)
 Metaspace       used 33830K, committed 34432K, reserved 1114112K
  class space    used 4370K, committed 4608K, reserved 1048576K
}

Deoptimization events (20 events):
Event: 3384.489 Thread 0x0000010f1cc88f10 DEOPT PACKING pc=0x0000010f0e327fcc sp=0x0000000102cfef70
Event: 3384.489 Thread 0x0000010f1cc88f10 DEOPT UNPACKING pc=0x0000010f0d832b43 sp=0x0000000102cfe518 mode 1
Event: 3384.490 Thread 0x0000010f1cc898b0 DEOPT PACKING pc=0x0000010f0e327fcc sp=0x0000000102ffee70
Event: 3384.490 Thread 0x0000010f1cc898b0 DEOPT UNPACKING pc=0x0000010f0d832b43 sp=0x0000000102ffe418 mode 1
Event: 3384.490 Thread 0x0000010f1cc893e0 DEOPT PACKING pc=0x0000010f0e327fcc sp=0x00000001031feed0
Event: 3384.490 Thread 0x0000010f1cc893e0 DEOPT UNPACKING pc=0x0000010f0d832b43 sp=0x00000001031fe478 mode 1
Event: 3384.490 Thread 0x0000010f1cc84210 DEOPT PACKING pc=0x0000010f0e327fcc sp=0x00000001032fee90
Event: 3384.490 Thread 0x0000010f1cc84210 DEOPT UNPACKING pc=0x0000010f0d832b43 sp=0x00000001032fe438 mode 1
Event: 3389.499 Thread 0x0000010f1cc82530 DEOPT PACKING pc=0x0000010f0e327fcc sp=0x00000001016fed10
Event: 3389.499 Thread 0x0000010f1cc82530 DEOPT UNPACKING pc=0x0000010f0d832b43 sp=0x00000001016fe2b0 mode 1
Event: 3389.499 Thread 0x0000010f1cc82530 DEOPT PACKING pc=0x0000010f0e2f4144 sp=0x00000001016fee80
Event: 3389.499 Thread 0x0000010f1cc82530 DEOPT UNPACKING pc=0x0000010f0d832b43 sp=0x00000001016fe3c8 mode 1
Event: 3389.499 Thread 0x0000010f1cc82530 DEOPT PACKING pc=0x0000010f0e2f3bdc sp=0x00000001016fefa0
Event: 3389.499 Thread 0x0000010f1cc82530 DEOPT UNPACKING pc=0x0000010f0d832b43 sp=0x00000001016fe440 mode 1
Event: 3389.499 Thread 0x0000010f1cc86890 DEOPT PACKING pc=0x0000010f0e327fcc sp=0x00000001005fedc0
Event: 3389.499 Thread 0x0000010f1cc82530 DEOPT PACKING pc=0x0000010f0e2f6264 sp=0x00000001016fefe0
Event: 3389.499 Thread 0x0000010f1cc86890 DEOPT UNPACKING pc=0x0000010f0d832b43 sp=0x00000001005fe360 mode 1
Event: 3389.499 Thread 0x0000010f1cc82530 DEOPT UNPACKING pc=0x0000010f0d832b43 sp=0x00000001016fe4e0 mode 1
Event: 3389.500 Thread 0x0000010f1cc86890 DEOPT PACKING pc=0x0000010f0e2f4244 sp=0x00000001005fef30
Event: 3389.500 Thread 0x0000010f1cc86890 DEOPT UNPACKING pc=0x0000010f0d832b43 sp=0x00000001005fe478 mode 1

Classes loaded (20 events):
Event: 189.959 Loading class sun/net/NetProperties$1
Event: 189.959 Loading class sun/net/NetProperties$1 done
Event: 189.982 Loading class sun/net/spi/DefaultProxySelector$NonProxyInfo
Event: 189.982 Loading class sun/net/spi/DefaultProxySelector$NonProxyInfo done
Event: 189.982 Loading class sun/net/spi/DefaultProxySelector$3
Event: 189.982 Loading class sun/net/spi/DefaultProxySelector$3 done
Event: 190.024 Loading class java/util/WeakHashMap$KeyIterator
Event: 190.024 Loading class java/util/WeakHashMap$KeyIterator done
Event: 190.025 Loading class java/util/concurrent/locks/AbstractQueuedSynchronizer$SharedNode
Event: 190.025 Loading class java/util/concurrent/locks/AbstractQueuedSynchronizer$SharedNode done
Event: 190.031 Loading class javax/management/ObjectName$PatternProperty
Event: 190.031 Loading class javax/management/ObjectName$PatternProperty done
Event: 190.082 Loading class java/lang/ref/Finalizer$2
Event: 190.091 Loading class java/lang/ref/Finalizer$2 done
Event: 190.093 Loading class java/lang/ref/Finalizer$1
Event: 190.093 Loading class java/lang/ref/Finalizer$1 done
Event: 190.821 Loading class java/time/DurationEditor
Event: 190.821 Loading class java/time/DurationEditor done
Event: 2490.370 Loading class java/time/DurationEditor
Event: 2490.370 Loading class java/time/DurationEditor done

Classes unloaded (20 events):
Event: 2927.954 Thread 0x0000010f05f20d80 Unloading class 0x0000000800ccc000 'com/certus/spring/service/PersonajeService'
Event: 2927.954 Thread 0x0000010f05f20d80 Unloading class 0x0000000800cc43f0 'com/certus/spring/Spring01Application$$EnhancerBySpringCGLIB$$29000a86'
Event: 2927.954 Thread 0x0000010f05f20d80 Unloading class 0x0000000800cc41f0 'com/certus/spring/controller/HomeController'
Event: 2927.954 Thread 0x0000010f05f20d80 Unloading class 0x0000000800cc4000 'com/certus/spring/Spring01Application'
Event: 2927.954 Thread 0x0000010f05f20d80 Unloading class 0x0000000800f55000 'jdk/internal/reflect/GeneratedSerializationConstructorAccessor28'
Event: 2949.584 Thread 0x0000010f05f20d80 Unloading class 0x0000000800ff0800 'org/apache/catalina/loader/JdbcLeakPrevention'
Event: 3040.052 Thread 0x0000010f05f20d80 Unloading class 0x0000000800ccc000 'org/apache/catalina/loader/JdbcLeakPrevention'
Event: 3333.749 Thread 0x0000010f05f20d80 Unloading class 0x0000000800f90000 'org/apache/catalina/loader/JdbcLeakPrevention'
Event: 3333.749 Thread 0x0000010f05f20d80 Unloading class 0x0000000800fd0800 'com/certus/spring/service/PersonajeService'
Event: 3333.749 Thread 0x0000010f05f20d80 Unloading class 0x0000000800ff0bf0 'com/certus/spring/Spring01Application$$EnhancerBySpringCGLIB$$29000a86'
Event: 3333.749 Thread 0x0000010f05f20d80 Unloading class 0x0000000800ff09f0 'com/certus/spring/controller/HomeController'
Event: 3333.749 Thread 0x0000010f05f20d80 Unloading class 0x0000000800ff0800 'com/certus/spring/Spring01Application'
Event: 3333.749 Thread 0x0000010f05f20d80 Unloading class 0x0000000800cc4000 'com/certus/spring/service/PersonajeService'
Event: 3333.749 Thread 0x0000010f05f20d80 Unloading class 0x0000000801078bf0 'com/certus/spring/Spring01Application$$EnhancerBySpringCGLIB$$29000a86'
Event: 3333.749 Thread 0x0000010f05f20d80 Unloading class 0x00000008010789f0 'com/certus/spring/controller/HomeController'
Event: 3333.749 Thread 0x0000010f05f20d80 Unloading class 0x0000000801078800 'com/certus/spring/Spring01Application'
Event: 3333.749 Thread 0x0000010f05f20d80 Unloading class 0x0000000800f0d000 'com/certus/spring/service/PersonajeService'
Event: 3333.749 Thread 0x0000010f05f20d80 Unloading class 0x0000000800c0abf0 'com/certus/spring/Spring01Application$$EnhancerBySpringCGLIB$$29000a86'
Event: 3333.749 Thread 0x0000010f05f20d80 Unloading class 0x0000000800c0a9f0 'com/certus/spring/controller/HomeController'
Event: 3333.749 Thread 0x0000010f05f20d80 Unloading class 0x0000000800c0a800 'com/certus/spring/Spring01Application'

Classes redefined (0 events):
No events

Internal exceptions (20 events):
Event: 3004.986 Thread 0x0000010f171f1b00 Exception <a 'java/lang/NoSuchMethodError'{0x000000008bbe0b40}: static [B.<clinit>()V> (0x000000008bbe0b40) 
thrown [s\open\src\hotspot\share\prims\jni.cpp, line 1104]
Event: 3040.036 Thread 0x0000010f1cc898b0 Exception <a 'java/lang/InterruptedException'{0x000000008bae01f0}: sleep interrupted> (0x000000008bae01f0) 
thrown [s\open\src\hotspot\share\prims\jvm.cpp, line 3083]
Event: 3040.106 Thread 0x0000010f1cc86d60 Exception <a 'sun/nio/fs/WindowsException'{0x000000008c1707e8}> (0x000000008c1707e8) 
thrown [s\open\src\hotspot\share\prims\jni.cpp, line 516]
Event: 3040.413 Thread 0x0000010f1cc86d60 Exception <a 'java/lang/NoClassDefFoundError'{0x000000008b322f50}: org/flywaydb/core/Flyway> (0x000000008b322f50) 
thrown [s\open\src\hotspot\share\oops\constantPool.cpp, line 836]
Event: 3040.414 Thread 0x0000010f1cc86d60 Exception <a 'java/lang/NoClassDefFoundError'{0x000000008b3235a0}: liquibase/integration/spring/SpringLiquibase> (0x000000008b3235a0) 
thrown [s\open\src\hotspot\share\oops\constantPool.cpp, line 836]
Event: 3040.447 Thread 0x0000010f1cc86d60 Exception <a 'sun/nio/fs/WindowsException'{0x000000008b0652c8}> (0x000000008b0652c8) 
thrown [s\open\src\hotspot\share\prims\jni.cpp, line 516]
Event: 3040.448 Thread 0x0000010f1cc86d60 Exception <a 'sun/nio/fs/WindowsException'{0x000000008b065960}> (0x000000008b065960) 
thrown [s\open\src\hotspot\share\prims\jni.cpp, line 516]
Event: 3040.448 Thread 0x0000010f1cc86d60 Exception <a 'sun/nio/fs/WindowsException'{0x000000008b066088}> (0x000000008b066088) 
thrown [s\open\src\hotspot\share\prims\jni.cpp, line 516]
Event: 3040.460 Thread 0x0000010f1cc86d60 Exception <a 'java/io/FileNotFoundException'{0x000000008b08f738}> (0x000000008b08f738) 
thrown [s\open\src\hotspot\share\prims\jni.cpp, line 516]
Event: 3040.476 Thread 0x0000010f1cc86d60 Exception <a 'java/io/FileNotFoundException'{0x000000008af46ff8}> (0x000000008af46ff8) 
thrown [s\open\src\hotspot\share\prims\jni.cpp, line 516]
Event: 3333.733 Thread 0x0000010f1cc85ef0 Exception <a 'java/lang/InterruptedException'{0x000000008b66fb60}: sleep interrupted> (0x000000008b66fb60) 
thrown [s\open\src\hotspot\share\prims\jvm.cpp, line 3083]
Event: 3333.803 Thread 0x0000010f1cc85a20 Exception <a 'sun/nio/fs/WindowsException'{0x000000008c166e88}> (0x000000008c166e88) 
thrown [s\open\src\hotspot\share\prims\jni.cpp, line 516]
Event: 3334.170 Thread 0x0000010f1cc85a20 Exception <a 'java/lang/NoClassDefFoundError'{0x000000008b321f00}: org/flywaydb/core/Flyway> (0x000000008b321f00) 
thrown [s\open\src\hotspot\share\oops\constantPool.cpp, line 836]
Event: 3334.171 Thread 0x0000010f1cc85a20 Exception <a 'java/lang/NoClassDefFoundError'{0x000000008b322550}: liquibase/integration/spring/SpringLiquibase> (0x000000008b322550) 
thrown [s\open\src\hotspot\share\oops\constantPool.cpp, line 836]
Event: 3334.201 Thread 0x0000010f1cc85a20 Exception <a 'sun/nio/fs/WindowsException'{0x000000008b063fe8}> (0x000000008b063fe8) 
thrown [s\open\src\hotspot\share\prims\jni.cpp, line 516]
Event: 3334.201 Thread 0x0000010f1cc85a20 Exception <a 'sun/nio/fs/WindowsException'{0x000000008b064680}> (0x000000008b064680) 
thrown [s\open\src\hotspot\share\prims\jni.cpp, line 516]
Event: 3334.201 Thread 0x0000010f1cc85a20 Exception <a 'sun/nio/fs/WindowsException'{0x000000008b064da8}> (0x000000008b064da8) 
thrown [s\open\src\hotspot\share\prims\jni.cpp, line 516]
Event: 3334.212 Thread 0x0000010f1cc85a20 Exception <a 'java/io/FileNotFoundException'{0x000000008b08e250}> (0x000000008b08e250) 
thrown [s\open\src\hotspot\share\prims\jni.cpp, line 516]
Event: 3334.229 Thread 0x0000010f1cc85a20 Exception <a 'java/io/FileNotFoundException'{0x000000008ae456f8}> (0x000000008ae456f8) 
thrown [s\open\src\hotspot\share\prims\jni.cpp, line 516]
Event: 3389.498 Thread 0x0000010f1cc88a40 Exception <a 'java/lang/InterruptedException'{0x000000008ba1f2a0}: sleep interrupted> (0x000000008ba1f2a0) 
thrown [s\open\src\hotspot\share\prims\jvm.cpp, line 3083]

VM Operations (20 events):
Event: 3344.756 Executing VM operation: get/set locals done
Event: 3344.758 Executing VM operation: get/set locals
Event: 3344.758 Executing VM operation: get/set locals done
Event: 3344.759 Executing VM operation: get/set locals
Event: 3344.759 Executing VM operation: get/set locals done
Event: 3344.761 Executing VM operation: get/set locals
Event: 3344.762 Executing VM operation: get/set locals done
Event: 3344.763 Executing VM operation: get/set locals
Event: 3344.764 Executing VM operation: get/set locals done
Event: 3380.892 Executing VM operation: ChangeSingleStep
Event: 3380.892 Executing VM operation: ChangeSingleStep done
Event: 3380.893 Executing VM operation: ChangeSingleStep
Event: 3380.893 Executing VM operation: ChangeSingleStep done
Event: 3384.485 Executing VM operation: ThreadDump
Event: 3384.485 Executing VM operation: ThreadDump done
Event: 3384.485 Executing VM operation: ThreadDump
Event: 3384.485 Executing VM operation: ThreadDump done
Event: 3385.499 Executing VM operation: Cleanup
Event: 3385.499 Executing VM operation: Cleanup done
Event: 3389.500 Executing VM operation: G1CollectFull

Events (20 events):
Event: 3334.428 Thread 0x0000010f1cc84210 Thread added: 0x0000010f1cc84210
Event: 3334.430 Thread 0x0000010f1cc87230 Thread added: 0x0000010f1cc87230
Event: 3334.430 Thread 0x0000010f1cc86d60 Thread added: 0x0000010f1cc86d60
Event: 3334.447 Thread 0x0000010f1cc85a20 Thread exited: 0x0000010f1cc85a20
Event: 3334.447 Thread 0x0000010f1cc85550 Thread exited: 0x0000010f1cc85550
Event: 3382.171 Thread 0x0000010f1cc87700 Thread added: 0x0000010f1cc87700
Event: 3382.171 Thread 0x0000010f1cc87bd0 Thread exited: 0x0000010f1cc87bd0
Event: 3382.185 Thread 0x0000010f1cc86d60 Thread exited: 0x0000010f1cc86d60
Event: 3384.487 Thread 0x0000010f1cc87230 Thread exited: 0x0000010f1cc87230
Event: 3384.488 Thread 0x0000010f1cc863c0 Thread exited: 0x0000010f1cc863c0
Event: 3384.488 Thread 0x0000010f1cc846e0 Thread exited: 0x0000010f1cc846e0
Event: 3384.489 Thread 0x0000010f1cc82ed0 Thread exited: 0x0000010f1cc82ed0
Event: 3384.489 Thread 0x0000010f1cc83d40 Thread exited: 0x0000010f1cc83d40
Event: 3384.489 Thread 0x0000010f1cc833a0 Thread exited: 0x0000010f1cc833a0
Event: 3384.489 Thread 0x0000010f1cc88f10 Thread exited: 0x0000010f1cc88f10
Event: 3384.490 Thread 0x0000010f1cc898b0 Thread exited: 0x0000010f1cc898b0
Event: 3384.490 Thread 0x0000010f1cc893e0 Thread exited: 0x0000010f1cc893e0
Event: 3384.490 Thread 0x0000010f1cc84210 Thread exited: 0x0000010f1cc84210
Event: 3389.498 Thread 0x0000010f1cc88a40 Thread exited: 0x0000010f1cc88a40
Event: 3389.500 Thread 0x0000010f1cc82530 Thread exited: 0x0000010f1cc82530


Dynamic libraries:
0x00007ff63c610000 - 0x00007ff63c61e000 	C:\jdk-18.0.2.1\bin\javaw.exe
0x00007ffd01b30000 - 0x00007ffd01d25000 	C:\Windows\SYSTEM32\ntdll.dll
0x00007ffcffe50000 - 0x00007ffcfff0e000 	C:\Windows\System32\KERNEL32.DLL
0x00007ffcff8b0000 - 0x00007ffcffb79000 	C:\Windows\System32\KERNELBASE.dll
0x00007ffcff250000 - 0x00007ffcff350000 	C:\Windows\System32\ucrtbase.dll
0x00007ffceb120000 - 0x00007ffceb137000 	C:\jdk-18.0.2.1\bin\jli.dll
0x00007ffd00c90000 - 0x00007ffd00e31000 	C:\Windows\System32\USER32.dll
0x00007ffcff400000 - 0x00007ffcff422000 	C:\Windows\System32\win32u.dll
0x00007ffcffc50000 - 0x00007ffcffc7b000 	C:\Windows\System32\GDI32.dll
0x00007ffcff4d0000 - 0x00007ffcff5db000 	C:\Windows\System32\gdi32full.dll
0x00007ffcff430000 - 0x00007ffcff4cd000 	C:\Windows\System32\msvcp_win.dll
0x00007ffcf2820000 - 0x00007ffcf2aba000 	C:\Windows\WinSxS\amd64_microsoft.windows.common-controls_6595b64144ccf1df_6.0.19041.1110_none_60b5254171f9507e\COMCTL32.dll
0x00007ffcffdb0000 - 0x00007ffcffe4e000 	C:\Windows\System32\msvcrt.dll
0x00007ffceb100000 - 0x00007ffceb11a000 	C:\jdk-18.0.2.1\bin\VCRUNTIME140.dll
0x00007ffd002a0000 - 0x00007ffd002d0000 	C:\Windows\System32\IMM32.DLL
0x00007ffcfcb10000 - 0x00007ffcfcb1c000 	C:\jdk-18.0.2.1\bin\vcruntime140_1.dll
0x00007ffceadb0000 - 0x00007ffceae3d000 	C:\jdk-18.0.2.1\bin\msvcp140.dll
0x00007ffccaa10000 - 0x00007ffccb621000 	C:\jdk-18.0.2.1\bin\server\jvm.dll
0x00007ffcfffa0000 - 0x00007ffd0004c000 	C:\Windows\System32\ADVAPI32.dll
0x00007ffd000b0000 - 0x00007ffd0014b000 	C:\Windows\System32\sechost.dll
0x00007ffd00150000 - 0x00007ffd0027a000 	C:\Windows\System32\RPCRT4.dll
0x00007ffd00290000 - 0x00007ffd00298000 	C:\Windows\System32\PSAPI.DLL
0x00007ffcee900000 - 0x00007ffcee909000 	C:\Windows\SYSTEM32\WSOCK32.dll
0x00007ffcea6e0000 - 0x00007ffcea707000 	C:\Windows\SYSTEM32\WINMM.dll
0x00007ffcf7320000 - 0x00007ffcf732a000 	C:\Windows\SYSTEM32\VERSION.dll
0x00007ffd00380000 - 0x00007ffd003eb000 	C:\Windows\System32\WS2_32.dll
0x00007ffcfd090000 - 0x00007ffcfd0a2000 	C:\Windows\SYSTEM32\kernel.appcore.dll
0x00007ffcfad10000 - 0x00007ffcfad1a000 	C:\jdk-18.0.2.1\bin\jimage.dll
0x00007ffcee470000 - 0x00007ffcee654000 	C:\Windows\SYSTEM32\DBGHELP.DLL
0x00007ffcedf80000 - 0x00007ffcedfac000 	C:\Windows\SYSTEM32\dbgcore.DLL
0x00007ffcff820000 - 0x00007ffcff8a3000 	C:\Windows\System32\bcryptPrimitives.dll
0x00007ffcd24f0000 - 0x00007ffcd252b000 	C:\jdk-18.0.2.1\bin\jdwp.dll
0x00007ffcee820000 - 0x00007ffcee82e000 	C:\jdk-18.0.2.1\bin\instrument.dll
0x00007ffcd0860000 - 0x00007ffcd0885000 	C:\jdk-18.0.2.1\bin\java.dll
0x00007ffccf060000 - 0x00007ffccf136000 	C:\jdk-18.0.2.1\bin\jsvml.dll
0x00007ffd00f10000 - 0x00007ffd0164f000 	C:\Windows\System32\SHELL32.dll
0x00007ffcfd370000 - 0x00007ffcfdb00000 	C:\Windows\SYSTEM32\windows.storage.dll
0x00007ffd00930000 - 0x00007ffd00c85000 	C:\Windows\System32\combase.dll
0x00007ffcfebd0000 - 0x00007ffcfebfc000 	C:\Windows\SYSTEM32\Wldp.dll
0x00007ffd005f0000 - 0x00007ffd0069d000 	C:\Windows\System32\SHCORE.dll
0x00007ffcffbf0000 - 0x00007ffcffc45000 	C:\Windows\System32\shlwapi.dll
0x00007ffcff190000 - 0x00007ffcff1af000 	C:\Windows\SYSTEM32\profapi.dll
0x00007ffced010000 - 0x00007ffced01c000 	C:\jdk-18.0.2.1\bin\dt_socket.dll
0x00007ffcfe620000 - 0x00007ffcfe65b000 	C:\Windows\SYSTEM32\IPHLPAPI.DLL
0x00007ffcfe930000 - 0x00007ffcfe99a000 	C:\Windows\system32\mswsock.dll
0x00007ffcfe660000 - 0x00007ffcfe72c000 	C:\Windows\SYSTEM32\DNSAPI.dll
0x00007ffcffb80000 - 0x00007ffcffb88000 	C:\Windows\System32\NSI.dll
0x00007ffcf7c10000 - 0x00007ffcf7c1a000 	C:\Windows\System32\rasadhlp.dll
0x00007ffcf7a80000 - 0x00007ffcf7aff000 	C:\Windows\System32\fwpuclnt.dll
0x00007ffcff5e0000 - 0x00007ffcff607000 	C:\Windows\System32\bcrypt.dll
0x00007ffceb0e0000 - 0x00007ffceb0f8000 	C:\jdk-18.0.2.1\bin\zip.dll
0x00007ffcd0840000 - 0x00007ffcd0853000 	C:\jdk-18.0.2.1\bin\net.dll
0x00007ffcf81a0000 - 0x00007ffcf82a8000 	C:\Windows\SYSTEM32\WINHTTP.dll
0x00007ffcd01a0000 - 0x00007ffcd01b6000 	C:\jdk-18.0.2.1\bin\nio.dll
0x00007ffcec410000 - 0x00007ffcec419000 	C:\jdk-18.0.2.1\bin\management.dll
0x00007ffce8150000 - 0x00007ffce815b000 	C:\jdk-18.0.2.1\bin\management_ext.dll
0x00007ffcee8e0000 - 0x00007ffcee8f7000 	C:\Windows\system32\napinsp.dll
0x00007ffcee8c0000 - 0x00007ffcee8db000 	C:\Windows\system32\pnrpnsp.dll
0x00007ffcec4f0000 - 0x00007ffcec505000 	C:\Windows\system32\wshbth.dll
0x00007ffcfaa10000 - 0x00007ffcfaa2d000 	C:\Windows\system32\NLAapi.dll
0x00007ffcec4d0000 - 0x00007ffcec4e2000 	C:\Windows\System32\winrnr.dll
0x00007ffcfeb20000 - 0x00007ffcfeb38000 	C:\Windows\SYSTEM32\CRYPTSP.dll
0x00007ffcfe2b0000 - 0x00007ffcfe2e4000 	C:\Windows\system32\rsaenh.dll
0x00007ffcff0a0000 - 0x00007ffcff0ce000 	C:\Windows\SYSTEM32\USERENV.dll
0x00007ffcfeb40000 - 0x00007ffcfeb4c000 	C:\Windows\SYSTEM32\CRYPTBASE.dll
0x00007ffcf8fa0000 - 0x00007ffcf8fb7000 	C:\Windows\SYSTEM32\dhcpcsvc6.DLL
0x00007ffcf8f80000 - 0x00007ffcf8f9d000 	C:\Windows\SYSTEM32\dhcpcsvc.DLL
0x00007ffce6520000 - 0x00007ffce6530000 	C:\jdk-18.0.2.1\bin\verify.dll
0x00007ffcfad50000 - 0x00007ffcfad5e000 	C:\jdk-18.0.2.1\bin\sunmscapi.dll
0x00007ffcff6c0000 - 0x00007ffcff816000 	C:\Windows\System32\CRYPT32.dll
0x00007ffcfec40000 - 0x00007ffcfec67000 	C:\Windows\SYSTEM32\ncrypt.dll
0x00007ffcfec00000 - 0x00007ffcfec3b000 	C:\Windows\SYSTEM32\NTASN1.dll

dbghelp: loaded successfully - version: 4.0.5 - missing functions: none
symbol engine: initialized successfully - sym options: 0x614 - pdb path: .;C:\jdk-18.0.2.1\bin;C:\Windows\SYSTEM32;C:\Windows\WinSxS\amd64_microsoft.windows.common-controls_6595b64144ccf1df_6.0.19041.1110_none_60b5254171f9507e;C:\jdk-18.0.2.1\bin\server

VM Arguments:
jvm_args: -XX:+ShowCodeDetailsInExceptionMessages -agentlib:jdwp=transport=dt_socket,suspend=y,address=localhost:51185 -Dcom.sun.management.jmxremote -Dcom.sun.management.jmxremote.port=51184 -Dcom.sun.management.jmxremote.authenticate=false -Dcom.sun.management.jmxremote.ssl=false -Djava.rmi.server.hostname=localhost -Dspring.jmx.enabled=true -Dspring.application.admin.enabled=true -XX:TieredStopAtLevel=1 -Dspring.boot.project.name=spring-01 -javaagent:C:\Aplicaciones IMplentacion web\spring\configuration\org.eclipse.osgi\268\0\.cp\lib\javaagent-shaded.jar -Dfile.encoding=UTF-8 
java_command: com.certus.spring.Spring01Application --spring.output.ansi.enabled=always
java_class_path (initial): C:\Users\COMPUREPARA\git\Curso-springJ98\spring-01\target\classes;C:\Users\COMPUREPARA\.m2\repository\org\springframework\boot\spring-boot-starter-thymeleaf\2.7.4\spring-boot-starter-thymeleaf-2.7.4.jar;C:\Users\COMPUREPARA\.m2\repository\org\springframework\boot\spring-boot-starter\2.7.4\spring-boot-starter-2.7.4.jar;C:\Users\COMPUREPARA\.m2\repository\org\springframework\boot\spring-boot-starter-logging\2.7.4\spring-boot-starter-logging-2.7.4.jar;C:\Users\COMPUREPARA\.m2\repository\ch\qos\logback\logback-classic\1.2.11\logback-classic-1.2.11.jar;C:\Users\COMPUREPARA\.m2\repository\ch\qos\logback\logback-core\1.2.11\logback-core-1.2.11.jar;C:\Users\COMPUREPARA\.m2\repository\org\apache\logging\log4j\log4j-to-slf4j\2.17.2\log4j-to-slf4j-2.17.2.jar;C:\Users\COMPUREPARA\.m2\repository\org\apache\logging\log4j\log4j-api\2.17.2\log4j-api-2.17.2.jar;C:\Users\COMPUREPARA\.m2\repository\org\slf4j\jul-to-slf4j\1.7.36\jul-to-slf4j-1.7.36.jar;C:\Users\COMPUREPARA\.m2\repository\jakarta\annotation\jakarta.annotation-api\1.3.5\jakarta.annotation-api-1.3.5.jar;C:\Users\COMPUREPARA\.m2\repository\org\yaml\snakeyaml\1.30\snakeyaml-1.30.jar;C:\Users\COMPUREPARA\.m2\repository\org\thymeleaf\thymeleaf-spring5\3.0.15.RELEASE\thymeleaf-spring5-3.0.15.RELEASE.jar;C:\Users\COMPUREPARA\.m2\repository\org\thymeleaf\thymeleaf\3.0.15.RELEASE\thymeleaf-3.0.15.RELEASE.jar;C:\Users\COMPUREPARA\.m2\repository\org\attoparser\attoparser\2.0.5.RELEASE\attoparser-2.0.5.RELEASE.jar;C:\Users\COMPUREPARA\.m2\repository\org\unbescape\unbescape\1.1.6.RELEASE\unbescape-1.1.6.RELEASE.jar;C:\Users\COMPUREPARA\.m2\repository\org\slf4j\slf4j-api\1.7.36\slf4j-api-1.7.36.jar;C:\Users\COMPUREPARA\.m2\repository\org\thymeleaf\extras\thymeleaf-extras-java8time\3.0.4.RELEASE\thymeleaf-extras-java8time-3.0.4.RELEASE.jar;C:\Users\COMPUREPARA\.m2\repository\org\springframework\boot\spring-boot-starter-web\2.7.4\spring-boot-starter-web-2.7.4.jar;C:\Users\COMPUREPARA\.m2\repository\org\springframework\boot\spring-boot-starter-json\2.7.4\spring-boot-starter-json-2.7.4.jar;C:\Users\COMPUREPARA\.m2\repository\com\fasterxml\jackson\core\jackson-databind\2.13.4\jackson-databind-2.13.4.jar;C:\Users\COMPUREPARA\.m2\repository\com\fasterxml\jackson\core\jackson-annotations\2.13.4\jackson-annotations-2.13.4.jar;C:\Users\COMPUREPARA\.m2\repository\com\fasterxml\jackson\core\jackson-core\2.13.4\jackson-core-2.13.4.jar;C:\Users\COMPUREPARA\.m2\repository\com\fasterxml\jackson\datatype\jackson-datatype-jdk8\2.13.4\jackson-datatype-jdk8-2.13.4.jar;C:\Users\COMPUREPARA\.m2\repository\com\fasterxml\jackson\datatype\jackson-datatype-jsr310\2.13.4\jackson-datatype-jsr310-2.13.4.jar;C:\Users\COMPUREPARA\.m2\repository\com\fasterxml\jackson\module\jackson-module-parameter-names\2.13.4\jackson-module-parameter-names-2.13.4.jar;C:\Users\COMPUREPARA\.m2\repository\org\springframework\boot\spring-boot-starter-tomcat\2.7.4\spring-boot-starter-tomcat-2.7.4.jar;C:\Users\COMPUREPARA\.m2\repository\org\apache\tomcat\embed\tomcat-embed-core\9.0.65\tomcat-embed-core-9.0.65.jar;C:\Users\COMPUREPARA\.m2\repository\org\apache\tomcat\embed\tomcat-embed-el\9.0.65\tomcat-embed-el-9.0.65.jar;C:\Users\COMPUREPARA\.m2\repository\org\apache\tomcat\embed\tomcat-embed-websocket\9.0.65\tomcat-embed-websocket-9.0.65.jar;C:\Users\COMPUREPARA\.m2\repository\org\springframework\spring-web\5.3.23\spring-web-5.3.23.jar;C:\Users\COMPUREPARA\.m2\repository\org\springframework\spring-beans\5.3.23\spring-beans-5.3.23.jar;C:\Users\COMPUREPARA\.m2\repository\org\springframework\spring-webmvc\5.3.23\spring-webmvc-5.3.23.jar;C:\Users\COMPUREPARA\.m2\repository\org\springframework\spring-aop\5.3.23\spring-aop-5.3.23.jar;C:\Users\COMPUREPARA\.m2\repository\org\springframework\spring-context\5.3.23\spring-context-5.3.23.jar;C:\Users\COMPUREPARA\.m2\repository\org\springframework\spring-expression\5.3.23\spring-expression-5.3.23.jar;C:\Users\COMPUREPARA\.m2\repository\org\springframework\boot\spring-boot-devtools\2.7.4\spring-boot-devtools-2.7.4.jar;C:\Users\COMPUREPARA\.m2\repository\org\springframework\boot\spring-boot\2.7.4\spring-boot-2.7.4.jar;C:\Users\COMPUREPARA\.m2\repository\org\springframework\boot\spring-boot-autoconfigure\2.7.4\spring-boot-autoconfigure-2.7.4.jar;C:\Users\COMPUREPARA\.m2\repository\org\springframework\spring-core\5.3.23\spring-core-5.3.23.jar;C:\Users\COMPUREPARA\.m2\repository\org\springframework\spring-jcl\5.3.23\spring-jcl-5.3.23.jar
Launcher Type: SUN_STANDARD

[Global flags]
     intx CICompilerCount                          = 3                                         {product} {ergonomic}
     uint ConcGCThreads                            = 1                                         {product} {ergonomic}
     uint G1ConcRefinementThreads                  = 4                                         {product} {ergonomic}
   size_t G1HeapRegionSize                         = 1048576                                   {product} {ergonomic}
    uintx GCDrainStackTargetSize                   = 64                                        {product} {ergonomic}
   size_t InitialHeapSize                          = 125829120                                 {product} {ergonomic}
     bool ManagementServer                         = true                                      {product} {command line}
   size_t MarkStackSize                            = 4194304                                   {product} {ergonomic}
   size_t MaxHeapSize                              = 1990197248                                {product} {ergonomic}
   size_t MaxNewSize                               = 1193279488                                {product} {ergonomic}
   size_t MinHeapDeltaBytes                        = 1048576                                   {product} {ergonomic}
   size_t MinHeapSize                              = 8388608                                   {product} {ergonomic}
    uintx NonProfiledCodeHeapSize                  = 0                                      {pd product} {ergonomic}
     bool ProfileInterpreter                       = false                                  {pd product} {command line}
    uintx ProfiledCodeHeapSize                     = 0                                      {pd product} {ergonomic}
     bool ShowCodeDetailsInExceptionMessages       = true                                   {manageable} {command line}
   size_t SoftMaxHeapSize                          = 1990197248                             {manageable} {ergonomic}
     intx TieredStopAtLevel                        = 1                                         {product} {command line}
     bool UseCompressedClassPointers               = true                           {product lp64_product} {ergonomic}
     bool UseCompressedOops                        = true                           {product lp64_product} {ergonomic}
     bool UseG1GC                                  = true                                      {product} {ergonomic}
     bool UseLargePagesIndividualAllocation        = false                                  {pd product} {ergonomic}

Logging:
Log output configuration:
 #0: stdout all=warning uptime,level,tags foldmultilines=false
 #1: stderr all=off uptime,level,tags foldmultilines=false

Environment Variables:
JAVA_HOME=C:\jdk-18.0.2.1\bin
PATH=C:/Aplicaciones IMplentacion web/spring//plugins/org.eclipse.justj.openjdk.hotspot.jre.full.win32.x86_64_17.0.4.v20220903-1038/jre/bin/server;C:/Aplicaciones IMplentacion web/spring//plugins/org.eclipse.justj.openjdk.hotspot.jre.full.win32.x86_64_17.0.4.v20220903-1038/jre/bin;%CATALINA_HOME%\bin;C:\jdk-18.0.2.1\bin;C:\Users\COMPUREPARA\AppData\Local\Programs\Microsoft VS Code\bin;C:\Aplicaciones IMplentacion web\spring;
USERNAME=Valentino
OS=Windows_NT
PROCESSOR_IDENTIFIER=Intel64 Family 6 Model 42 Stepping 7, GenuineIntel



---------------  S Y S T E M  ---------------

OS:
 Windows 10 , 64 bit Build 19041 (10.0.19041.1202)
OS uptime: 0 days 2:49 hours

CPU: total 4 (initial active 4) (2 cores per cpu, 2 threads per core) family 6 model 42 stepping 7 microcode 0x2f, cx8, cmov, fxsr, ht, mmx, sse, sse2, sse3, ssse3, sse4.1, sse4.2, popcnt, tsc, tscinvbit, avx, clmul, vzeroupper, clflush

Memory: 4k page, system-wide physical 7590M (2897M free)
TotalPageFile size 15782M (AvailPageFile size 10758M)
current process WorkingSet (physical memory assigned to process): 148M, peak: 157M
current process commit charge ("private bytes"): 187M, peak: 229M

vm_info: OpenJDK 64-Bit Server VM (18.0.2.1+1-1) for windows-amd64 JRE (18.0.2.1+1-1), built on Aug 16 2022 01:44:29 by "mach5one" with MS VC++ 16.8 / 16.9 (VS2019)

END.
